Log file open, 01/23/19 17:33:05
LogWindows: Failed to load 'aqProf.dll' (GetLastError=126)
LogWindows: File 'aqProf.dll' does not exist
LogWindows: Failed to load 'VSPerf140.dll' (GetLastError=126)
LogWindows: File 'VSPerf140.dll' does not exist
LogWindows: Failed to load 'VtuneApi.dll' (GetLastError=126)
LogWindows: File 'VtuneApi.dll' does not exist
LogWindows: Failed to load 'VtuneApi32e.dll' (GetLastError=126)
LogWindows: File 'VtuneApi32e.dll' does not exist
LogInit: Display: Running engine for game: KL_ICWB001_AP
LogPlatformFile: Not using cached read wrapper
LogTaskGraph: Started task graph with 5 named threads and 23 total threads with 3 sets of task threads.
LogStats: Stats thread started at 0.319417
LogD3D11RHI: Loaded GFSDK_Aftermath_Lib.x64.dll
LogICUInternationalization: Display: ICU TimeZone Detection - Raw Offset: -7:00, Platform Override: ''
LogPluginManager: Mounting plugin Paper2D
LogPluginManager: Mounting plugin AISupport
LogPluginManager: Mounting plugin LightPropagationVolume
LogPluginManager: Mounting plugin CLionSourceCodeAccess
LogPluginManager: Mounting plugin CodeLiteSourceCodeAccess
LogPluginManager: Mounting plugin GitSourceControl
LogPluginManager: Mounting plugin KDevelopSourceCodeAccess
LogPluginManager: Mounting plugin NullSourceCodeAccess
LogPluginManager: Mounting plugin PerforceSourceControl
LogPluginManager: Mounting plugin SubversionSourceControl
LogPluginManager: Mounting plugin UObjectPlugin
LogPluginManager: Mounting plugin VisualStudioCodeSourceCodeAccess
LogPluginManager: Mounting plugin VisualStudioSourceCodeAccess
LogPluginManager: Mounting plugin XCodeSourceCodeAccess
LogPluginManager: Mounting plugin AssetManagerEditor
LogPluginManager: Mounting plugin CryptoKeys
LogPluginManager: Mounting plugin DataValidation
LogPluginManager: Mounting plugin FacialAnimation
LogPluginManager: Mounting plugin GameplayTagsEditor
LogPluginManager: Mounting plugin MacGraphicsSwitching
LogPluginManager: Mounting plugin MeshEditor
LogPluginManager: Mounting plugin MobileLauncherProfileWizard
LogPluginManager: Mounting plugin PluginBrowser
LogPluginManager: Mounting plugin SpeedTreeImporter
LogPluginManager: Mounting plugin DatasmithContent
LogPluginManager: Mounting plugin AlembicImporter
LogPluginManager: Mounting plugin AppleImageUtils
LogPluginManager: Mounting plugin AppleVision
LogPluginManager: Mounting plugin BackChannel
LogPluginManager: Mounting plugin CharacterAI
LogPluginManager: Mounting plugin GeometryCache
LogPluginManager: Mounting plugin HTML5Networking
LogPluginManager: Mounting plugin ProxyLODPlugin
LogPluginManager: Mounting plugin MagicLeap
LogPluginManager: Mounting plugin MagicLeapEmulator
LogPluginManager: Mounting plugin MagicLeapMedia
LogPluginManager: Mounting plugin AndroidMedia
LogPluginManager: Mounting plugin AvfMedia
LogPluginManager: Mounting plugin ImgMedia
LogPluginManager: Mounting plugin LinearTimecode
LogPluginManager: Mounting plugin MediaCompositing
LogPluginManager: Mounting plugin MediaPlayerEditor
LogPluginManager: Mounting plugin WmfMedia
LogPluginManager: Mounting plugin TcpMessaging
LogPluginManager: Mounting plugin UdpMessaging
LogPluginManager: Mounting plugin ActorSequence
LogPluginManager: Mounting plugin LevelSequenceEditor
LogPluginManager: Mounting plugin MatineeToLevelSequence
LogPluginManager: Mounting plugin NetcodeUnitTest
LogPluginManager: Mounting plugin NUTUnrealEngine4
LogPluginManager: Mounting plugin OnlineSubsystemGooglePlay
LogPluginManager: Mounting plugin OnlineSubsystemIOS
LogPluginManager: Mounting plugin OnlineSubsystem
LogPluginManager: Mounting plugin OnlineSubsystemNull
LogPluginManager: Mounting plugin OnlineSubsystemUtils
LogPluginManager: Mounting plugin LauncherChunkInstaller
LogPluginManager: Mounting plugin AndroidDeviceProfileSelector
LogPluginManager: Mounting plugin AndroidMoviePlayer
LogPluginManager: Mounting plugin AndroidPermission
LogPluginManager: Mounting plugin AppleMoviePlayer
LogPluginManager: Mounting plugin ArchVisCharacter
LogPluginManager: Mounting plugin AudioCapture
LogPluginManager: Mounting plugin CableComponent
LogPluginManager: Mounting plugin CustomMeshComponent
LogPluginManager: Mounting plugin EditableMesh
LogPluginManager: Mounting plugin ExampleDeviceProfileSelector
LogPluginManager: Mounting plugin GoogleCloudMessaging
LogPluginManager: Mounting plugin ImmediatePhysics
LogPluginManager: Mounting plugin IOSDeviceProfileSelector
LogPluginManager: Mounting plugin LinuxDeviceProfileSelector
LogPluginManager: Mounting plugin LocationServicesBPLibrary
LogPluginManager: Mounting plugin MobilePatchingUtils
LogPluginManager: Mounting plugin OculusVR
LogPluginManager: Plugin shader directory ../../../Engine/Plugins/Runtime/Oculus/OculusVR/Shaders found
LogPluginManager: Mapping shader source directory ../../../Engine/Plugins/Runtime/Oculus/OculusVR/Shaders to virtual directory /Plugin/OculusVR
LogPluginManager: Mounting plugin PhysXVehicles
LogPluginManager: Mounting plugin ProceduralMeshComponent
LogPluginManager: Mounting plugin RuntimePhysXCooking
LogPluginManager: Mounting plugin SteamVR
LogPluginManager: Mounting plugin WindowsMoviePlayer
LogStreaming: Display: Took  0.129s to configure plugins.
LogInit: Using libcurl 7.55.1-DEV
LogInit:  - built for x86_64-pc-win32
LogInit:  - supports SSL with OpenSSL/1.0.2h
LogInit:  - supports HTTP deflate (compression) using libz 1.2.8
LogInit:  - other features:
LogInit:      CURL_VERSION_SSL
LogInit:      CURL_VERSION_LIBZ
LogInit:      CURL_VERSION_IPV6
LogInit:      CURL_VERSION_ASYNCHDNS
LogInit:      CURL_VERSION_LARGEFILE
LogInit:      CURL_VERSION_IDN
LogInit:  CurlRequestOptions (configurable via config and command line):
LogInit:  - bVerifyPeer = false  - Libcurl will NOT verify peer certificate
LogInit:  - bUseHttpProxy = false  - Libcurl will NOT use HTTP proxy
LogInit:  - bDontReuseConnections = false  - Libcurl will reuse connections
LogInit:  - CertBundlePath = nullptr  - Libcurl will use whatever was configured at build time.
LogInit:  - MaxHostConnections = 16  - Libcurl will limit the number of connections to a host
LogInit:  - LocalHostAddr = Default
LogInit:  - BufferSize = 65536
LogInit: WinSock: version 1.1 (2.2), MaxSocks=32767, MaxUdp=65467
LogInit: Build: ++UE4+Release-4.20-CL-4369336
LogInit: Engine Version: 4.20.3-4369336+++UE4+Release-4.20
LogInit: Compatible Engine Version: 4.20.0-4212847+++UE4+Release-4.20
LogInit: Net CL: 4212847
LogInit: OS: Windows 7 (Service Pack 1), CPU: AMD FX(tm)-8320 Eight-Core Processor           , GPU: NVIDIA GeForce GTX 750
LogInit: Compiled (64-bit): Sep 17 2018 12:26:19
LogInit: Compiled with Visual C++: 19.13.26129.00
LogInit: Build Configuration: Development
LogInit: Branch Name: ++UE4+Release-4.20
LogInit: Command Line: -EpicPortal  -epicusername="selakiir" -epicuserid=991267a91fac4e73a7b0a27418c61be0 -epiclocale=en-US
LogInit: Base Directory: D:/UE_4.20/Engine/Binaries/Win64/
LogInit: Installed Engine Build: 1
LogDevObjectVersion: Number of dev versions registered: 20
LogDevObjectVersion:   Dev-Blueprints (B0D832E4-1F89-4F0D-ACCF-7EB736FD4AA2): 10
LogDevObjectVersion:   Dev-Build (E1C64328-A22C-4D53-A36C-8E866417BD8C): 0
LogDevObjectVersion:   Dev-Core (375EC13C-06E4-48FB-B500-84F0262A717E): 2
LogDevObjectVersion:   Dev-Editor (E4B068ED-F494-42E9-A231-DA0B2E46BB41): 24
LogDevObjectVersion:   Dev-Framework (CFFC743F-43B0-4480-9391-14DF171D2073): 34
LogDevObjectVersion:   Dev-Mobile (B02B49B5-BB20-44E9-A304-32B752E40360): 2
LogDevObjectVersion:   Dev-Networking (A4E4105C-59A1-49B5-A7C5-40C4547EDFEE): 0
LogDevObjectVersion:   Dev-Online (39C831C9-5AE6-47DC-9A44-9C173E1C8E7C): 0
LogDevObjectVersion:   Dev-Physics (78F01B33-EBEA-4F98-B9B4-84EACCB95AA2): 0
LogDevObjectVersion:   Dev-Platform (6631380F-2D4D-43E0-8009-CF276956A95A): 0
LogDevObjectVersion:   Dev-Rendering (12F88B9F-8875-4AFC-A67C-D90C383ABD29): 26
LogDevObjectVersion:   Dev-Sequencer (7B5AE74C-D270-4C10-A958-57980B212A5A): 9
LogDevObjectVersion:   Dev-VR (D7296918-1DD6-4BDD-9DE2-64A83CC13884): 2
LogDevObjectVersion:   Dev-LoadTimes (C2A15278-BFE7-4AFE-6C17-90FF531DF755): 1
LogDevObjectVersion:   Private-Geometry (6EACA3D4-40EC-4CC1-B786-8BED09428FC5): 3
LogDevObjectVersion:   Dev-AnimPhys (29E575DD-E0A3-4627-9D10-D276232CDCEA): 17
LogDevObjectVersion:   Dev-ReflectionCapture (6B266CEC-1EC7-4B8F-A30B-E4D90942FC07): 1
LogDevObjectVersion:   Dev-Automation (0DF73D61-A23F-47EA-B727-89E90C41499A): 1
LogDevObjectVersion:   FortniteMain (601D1886-AC64-4F84-AA16-D3DE0DEAC7D6): 12
LogDevObjectVersion:   Dev-Enterprise (9DFFBCD6-494F-0158-E221-12823C92A888): 1
LogStreaming: Display: Took  0.001s to delete old logs.
LogInit: Presizing for max 8388607 objects, including 0 objects not considered by GC, pre-allocating 0 bytes for permanent pool.
LogInit: Object subsystem initialized
[2019.01.24-00.33.05:386][  0]LogInit: Selected Device Profile: [Windows]
[2019.01.24-00.33.05:386][  0]LogInit: Applying CVar settings loaded from the selected device profile: [Windows]
[2019.01.24-00.33.05:401][  0]LogHAL: Display: Platform has ~ 8 GB [8485437440 / 8589934592 / 8], which maps to Default [LargestMinGB=32, LargerMinGB=12, DefaultMinGB=8, SmallerMinGB=6, SmallestMinGB=0)
[2019.01.24-00.33.05:401][  0]LogInit: Setting Device Profile CVar: [[r.Vulkan.UseRealUBs:1]]
[2019.01.24-00.33.05:401][  0]LogInit: Going up to parent DeviceProfile []
[2019.01.24-00.33.05:401][  0]LogInit: Computer: KYLA-PC
[2019.01.24-00.33.05:401][  0]LogInit: User: Kyla
[2019.01.24-00.33.05:401][  0]LogInit: CPU Page size=4096, Cores=4
[2019.01.24-00.33.05:401][  0]LogInit: High frequency timer resolution =3.429638 MHz
[2019.01.24-00.33.05:402][  0]LogMemory: Memory total: Physical=7.9GB (8GB approx)
[2019.01.24-00.33.05:402][  0]LogMemory: Platform Memory Stats for Windows
[2019.01.24-00.33.05:402][  0]LogMemory: Process Physical Memory: 101.74 MB used, 101.74 MB peak
[2019.01.24-00.33.05:402][  0]LogMemory: Process Virtual Memory: 94.50 MB used, 94.50 MB peak
[2019.01.24-00.33.05:402][  0]LogMemory: Physical Memory: 4596.48 MB used,  3495.86 MB free, 8092.34 MB total
[2019.01.24-00.33.05:402][  0]LogMemory: Virtual Memory: 482.90 MB used,  3495.86 MB free, 8388608.00 MB total
[2019.01.24-00.33.05:437][  0]LogInit: Using OS detected language (en-US).
[2019.01.24-00.33.05:437][  0]LogInit: Using OS detected locale (en-US).
[2019.01.24-00.33.05:439][  0]LogTextLocalizationManager: No specific localization for 'en-US' exists, so the 'en' localization will be used.
[2019.01.24-00.33.05:958][  0]LogStreaming: Display: Took  0.520s to InitEngineTextLocalization.
[2019.01.24-00.33.05:959][  0]LogWindows: Failed to load 'shcore.dll' (GetLastError=126)
[2019.01.24-00.33.05:959][  0]LogWindows: File 'shcore.dll' does not exist
[2019.01.24-00.33.05:959][  0]LogInit: Setting process to DPI aware
[2019.01.24-00.33.06:007][  0]LogSlate: New Slate User Created.  User Index 0, Is Virtual User: 0
[2019.01.24-00.33.06:007][  0]LogSlate: Slate User Registered.  User Index 0, Is Virtual User: 0
[2019.01.24-00.33.06:276][  0]LogHMD: Failed to initialize OpenVR with code 105
[2019.01.24-00.33.06:277][  0]LogD3D11RHI: D3D11 adapters:
[2019.01.24-00.33.06:322][  0]LogD3D11RHI:    0. 'NVIDIA GeForce GTX 750' (Feature Level 11_0)
[2019.01.24-00.33.06:322][  0]LogD3D11RHI:       963/0/3072 MB DedicatedVideo/DedicatedSystem/SharedSystem, Outputs:1, VendorId:0x10de
[2019.01.24-00.33.06:322][  0]LogD3D11RHI: Chosen D3D11 Adapter: 0
[2019.01.24-00.33.06:329][  0]LogD3D11RHI: Creating new Direct3DDevice
[2019.01.24-00.33.06:329][  0]LogD3D11RHI:     GPU DeviceId: 0x1381 (for the marketing name, search the web for "GPU Device Id")
[2019.01.24-00.33.06:329][  0]LogWindows: EnumDisplayDevices:
[2019.01.24-00.33.06:329][  0]LogWindows:    0. 'NVIDIA GeForce GTX 750' (P:1 D:1)
[2019.01.24-00.33.06:330][  0]LogWindows:    1. 'NVIDIA GeForce GTX 750' (P:0 D:0)
[2019.01.24-00.33.06:330][  0]LogWindows:    2. 'NVIDIA GeForce GTX 750' (P:0 D:0)
[2019.01.24-00.33.06:330][  0]LogWindows:    3. 'NVIDIA GeForce GTX 750' (P:0 D:0)
[2019.01.24-00.33.06:331][  0]LogWindows:    4. 'RDPDD Chained DD' (P:0 D:0)
[2019.01.24-00.33.06:331][  0]LogWindows:    5. 'RDP Encoder Mirror Driver' (P:0 D:0)
[2019.01.24-00.33.06:331][  0]LogWindows:    6. 'RDP Reflector Display Driver' (P:0 D:0)
[2019.01.24-00.33.06:331][  0]LogWindows: DebugString: GetVideoDriverDetailsInvalid PrimaryIsNotTheChoosenAdapter GetVideoDriverDetailsInvalid PrimaryIsNotTheChoosenAdapter GetVideoDriverDetailsInvalid PrimaryIsNotTheChoosenAdapter FoundDriverCount:4 
[2019.01.24-00.33.06:331][  0]LogD3D11RHI:     Adapter Name: NVIDIA GeForce GTX 750
[2019.01.24-00.33.06:332][  0]LogD3D11RHI:   Driver Version: 398.11 (internal:24.21.13.9811, unified:398.11)
[2019.01.24-00.33.06:332][  0]LogD3D11RHI:      Driver Date: 6-1-2018
[2019.01.24-00.33.06:332][  0]LogRHI: Texture pool is 674 MB (70% of 963 MB)
[2019.01.24-00.33.06:354][  0]LogD3D11RHI: Async texture creation enabled
[2019.01.24-00.33.06:377][  0]LogD3D11RHI: GPU Timing Frequency: 1000.000000 (Debug: 2 2)
[2019.01.24-00.33.06:427][  0]LogShaderCompilers: Guid format shader working directory is -16 characters bigger than the processId version (C:/Users/Kyla/Documents/GitHub/KL_AssetPipeline/KL_ICWB001_AP/Intermediate/Shaders/WorkingDirectory/2240/).
[2019.01.24-00.33.06:428][  0]LogShaderCompilers: Cleaned the shader compiler working directory 'C:/Users/Kyla/AppData/Local/Temp/UnrealShaderWorkingDir/CA32346C41000854E73032BFB420B649/'.
[2019.01.24-00.33.06:876][  0]LogTemp: Display: Loaded TP AllDesktopTargetPlatform
[2019.01.24-00.33.06:900][  0]LogTemp: Display: Loaded TP MacClientTargetPlatform
[2019.01.24-00.33.06:924][  0]LogTemp: Display: Loaded TP MacNoEditorTargetPlatform
[2019.01.24-00.33.06:947][  0]LogTemp: Display: Loaded TP MacServerTargetPlatform
[2019.01.24-00.33.06:970][  0]LogTemp: Display: Loaded TP MacTargetPlatform
[2019.01.24-00.33.06:994][  0]LogTemp: Display: Loaded TP WindowsClientTargetPlatform
[2019.01.24-00.33.07:016][  0]LogTemp: Display: Loaded TP WindowsNoEditorTargetPlatform
[2019.01.24-00.33.07:039][  0]LogTemp: Display: Loaded TP WindowsServerTargetPlatform
[2019.01.24-00.33.07:050][  0]LogTemp: Display: Loaded TP WindowsTargetPlatform
[2019.01.24-00.33.07:188][  0]LogTemp: Display: Loaded TP AndroidTargetPlatform
[2019.01.24-00.33.07:188][  0]LogTemp: Display: Loaded TP AndroidTargetPlatform
[2019.01.24-00.33.07:188][  0]LogTemp: Display: Loaded TP AndroidTargetPlatform
[2019.01.24-00.33.07:188][  0]LogTemp: Display: Loaded TP AndroidTargetPlatform
[2019.01.24-00.33.07:188][  0]LogTemp: Display: Loaded TP AndroidTargetPlatform
[2019.01.24-00.33.07:188][  0]LogTemp: Display: Loaded TP AndroidTargetPlatform
[2019.01.24-00.33.07:188][  0]LogTemp: Display: Loaded TP AndroidTargetPlatform
[2019.01.24-00.33.07:188][  0]LogTemp: Display: Loaded TP AndroidTargetPlatform
[2019.01.24-00.33.07:188][  0]LogTemp: Display: Loaded TP AndroidTargetPlatform
[2019.01.24-00.33.07:188][  0]LogTemp: Display: Loaded TP AndroidTargetPlatform
[2019.01.24-00.33.07:188][  0]LogTemp: Display: Loaded TP AndroidTargetPlatform
[2019.01.24-00.33.07:188][  0]LogTemp: Display: Loaded TP AndroidTargetPlatform
[2019.01.24-00.33.07:188][  0]LogTemp: Display: Loaded TP AndroidTargetPlatform
[2019.01.24-00.33.07:188][  0]LogTemp: Display: Loaded TP AndroidTargetPlatform
[2019.01.24-00.33.07:188][  0]LogTemp: Display: Loaded TP AndroidTargetPlatform
[2019.01.24-00.33.07:188][  0]LogTemp: Display: Loaded TP AndroidTargetPlatform
[2019.01.24-00.33.07:188][  0]LogTemp: Display: Loaded TP AndroidTargetPlatform
[2019.01.24-00.33.07:188][  0]LogTemp: Display: Loaded TP AndroidTargetPlatform
[2019.01.24-00.33.07:189][  0]LogTemp: Display: Loaded TP HTML5TargetPlatform
[2019.01.24-00.33.07:266][  0]LogTemp: Display: Loaded TP IOSTargetPlatform
[2019.01.24-00.33.07:266][  0]LogTemp: Display: Loaded TP IOSTargetPlatform
[2019.01.24-00.33.07:306][  0]LogTemp: Display: Loaded TP TVOSTargetPlatform
[2019.01.24-00.33.07:307][  0]LogTemp: Display: Loaded TP TVOSTargetPlatform
[2019.01.24-00.33.07:327][  0]LogTemp: Display: Loaded TP LinuxClientTargetPlatform
[2019.01.24-00.33.07:349][  0]LogTemp: Display: Loaded TP LinuxNoEditorTargetPlatform
[2019.01.24-00.33.07:370][  0]LogTemp: Display: Loaded TP LinuxServerTargetPlatform
[2019.01.24-00.33.07:392][  0]LogTemp: Display: Loaded TP LinuxTargetPlatform
[2019.01.24-00.33.07:409][  0]LogTemp: Display: Loaded TP LuminTargetPlatform
[2019.01.24-00.33.07:409][  0]LogTargetPlatformManager: Display: Building Assets For Windows
[2019.01.24-00.33.07:500][  0]LogXGEController: Cannot use XGE Controller as Incredibuild is not installed on this machine.
[2019.01.24-00.33.07:500][  0]LogShaderCompilers: Cannot use XGE Shader Compiler as Incredibuild is not installed on this machine.
[2019.01.24-00.33.07:500][  0]LogShaderCompilers: Display: Using Local Shader Compiler.
[2019.01.24-00.33.08:667][  0]LogDerivedDataCache: Display: Max Cache Size: 512 MB
[2019.01.24-00.33.08:844][  0]LogDerivedDataCache: Loaded boot cache 0.18s 86MB C:/Users/Kyla/AppData/Local/UnrealEngine/4.20/DerivedDataCache/Boot.ddc.
[2019.01.24-00.33.08:845][  0]LogDerivedDataCache: Display: Loaded Boot cache: C:/Users/Kyla/AppData/Local/UnrealEngine/4.20/DerivedDataCache/Boot.ddc
[2019.01.24-00.33.08:846][  0]LogDerivedDataCache: FDerivedDataBackendGraph:  Pak pak cache file C:/Users/Kyla/Documents/GitHub/KL_AssetPipeline/KL_ICWB001_AP/DerivedDataCache/DDC.ddp not found, will not use a pak cache.
[2019.01.24-00.33.08:846][  0]LogDerivedDataCache: Unable to find inner node Pak for hierarchical cache Hierarchy.
[2019.01.24-00.33.08:846][  0]LogDerivedDataCache: FDerivedDataBackendGraph:  CompressedPak pak cache file C:/Users/Kyla/Documents/GitHub/KL_AssetPipeline/KL_ICWB001_AP/DerivedDataCache/Compressed.ddp not found, will not use a pak cache.
[2019.01.24-00.33.08:846][  0]LogDerivedDataCache: Unable to find inner node CompressedPak for hierarchical cache Hierarchy.
[2019.01.24-00.33.08:863][  0]LogDerivedDataCache: Display: Pak cache opened for reading ../../../Engine/DerivedDataCache/Compressed.ddp.
[2019.01.24-00.33.08:875][  0]LogDerivedDataCache: Using Local data cache path C:/Users/Kyla/AppData/Local/UnrealEngine/Common/DerivedDataCache: Writable
[2019.01.24-00.33.08:875][  0]LogDerivedDataCache: Shared data cache path not found in *engine.ini, will not use an Shared cache.
[2019.01.24-00.33.08:875][  0]LogDerivedDataCache: Unable to find inner node Shared for hierarchical cache Hierarchy.
[2019.01.24-00.33.08:907][  0]LogMaterial: Verifying Global Shaders for PCD3D_SM5
[2019.01.24-00.33.08:908][  0]LogSlate: Using FreeType 2.6.0
[2019.01.24-00.33.08:909][  0]LogSlate: SlateFontServices - WITH_FREETYPE: 1, WITH_HARFBUZZ: 1
[2019.01.24-00.33.09:014][  0]LogAssetRegistry: FAssetRegistry took 0.0273 seconds to start up
[2019.01.24-00.33.09:571][  0]LogInit: Selected Device Profile: [Windows]
[2019.01.24-00.33.09:768][  0]LogSimplygon: Simplygon DLL not present - disabling.
[2019.01.24-00.33.09:774][  0]LogMeshReduction: Using SimplygonSwarm for distributed automatic mesh merging
[2019.01.24-00.33.09:774][  0]LogMeshReduction: Using ProxyLODMeshReduction for automatic mesh merging
[2019.01.24-00.33.09:774][  0]LogMeshReduction: Using QuadricMeshReduction for automatic static mesh reduction
[2019.01.24-00.33.09:774][  0]LogMeshReduction: No automatic skeletal mesh reduction module available
[2019.01.24-00.33.09:800][  0]LogNetVersion: KL_ICWB001_AP 1.0.0, NetCL: 4212847, EngineNetVer: 5, GameNetVer: 0 (Checksum: 3008563883)
[2019.01.24-00.33.10:597][  0]LogPackageLocalizationCache: Processed 11 localized package path(s) for 2 prioritized culture(s) in 0.122064 seconds
[2019.01.24-00.33.10:607][  0]LogUObjectArray: 38425 objects as part of root set at end of initial load.
[2019.01.24-00.33.10:607][  0]LogUObjectAllocator: 6690872 out of 0 bytes used by permanent object pool.
[2019.01.24-00.33.10:607][  0]LogUObjectArray: CloseDisregardForGC: 0/0 objects in disregard for GC pool
[2019.01.24-00.33.11:831][  0]LogTcpMessaging: Initializing TcpMessaging bridge
[2019.01.24-00.33.11:844][  0]LogUdpMessaging: Initializing bridge on interface 0.0.0.0:0 to multicast group 230.0.0.1:6666.
[2019.01.24-00.33.12:025][  0]SourceControl: Source control is disabled
[2019.01.24-00.33.12:025][  0]SourceControl: Source control is disabled
[2019.01.24-00.33.12:026][  0]SourceControl: Source control is disabled
[2019.01.24-00.33.12:027][  0]SourceControl: Source control is disabled
[2019.01.24-00.33.12:209][  0]LogAndroidPermission: UAndroidPermissionCallbackProxy::GetInstance
[2019.01.24-00.33.12:347][  0]LogOcInput: OculusInput pre-init called
[2019.01.24-00.33.12:429][  0]LogEngine: Initializing Engine...
[2019.01.24-00.33.12:434][  0]LogHMD: Failed to initialize OpenVR with code 105
[2019.01.24-00.33.12:436][  0]LogStats: UGameplayTagsManager::ConstructGameplayTagTree: ImportINI prefixes -  0.000 s
[2019.01.24-00.33.12:436][  0]LogStats: UGameplayTagsManager::ConstructGameplayTagTree: Construct from data asset -  0.000 s
[2019.01.24-00.33.12:436][  0]LogStats: UGameplayTagsManager::ConstructGameplayTagTree: ImportINI -  0.000 s
[2019.01.24-00.33.12:436][  0]LogStats: UGameplayTagsManager::ConstructGameplayTagTree: GameplayTagTreeChangedEvent.Broadcast -  0.000 s
[2019.01.24-00.33.12:737][  0]LogInit: Initializing FReadOnlyCVARCache
[2019.01.24-00.33.12:757][  0]LogAIModule: Creating AISystem for world Untitled
[2019.01.24-00.33.12:791][  0]LogInit: XAudio2 using 'Speakers (3- ROCCAT Khan AIMO)' : 6 channels at 48 kHz using 24 bits per sample (channel mask 0x3f)
[2019.01.24-00.33.12:809][  0]LogInit: FAudioDevice initialized.
[2019.01.24-00.33.12:809][  0]LogNetVersion: Set ProjectVersion to 1.0.0.0. Version Checksum will be recalculated on next use.
[2019.01.24-00.33.12:955][  0]LogDerivedDataCache: Saved boot cache 0.15s 71MB C:/Users/Kyla/AppData/Local/UnrealEngine/4.20/DerivedDataCache/Boot.ddc.
[2019.01.24-00.33.12:956][  0]LogInit: Texture streaming: Enabled
[2019.01.24-00.33.12:981][  0]LogEngineSessionManager: EngineSessionManager initialized
[2019.01.24-00.33.12:995][  0]LogInit: Transaction tracking system initialized
[2019.01.24-00.33.13:027][  0]BlueprintLog: New page: Editor Load
[2019.01.24-00.33.13:137][  0]LocalizationService: Localization service is disabled
[2019.01.24-00.33.13:540][  0]LogCook: Display: Max memory allowance for cook 16384mb min free memory 0mb
[2019.01.24-00.33.13:540][  0]LogCook: Display: Mobile HDR setting 1
[2019.01.24-00.33.13:540][  0]LogGameplayTags: Display: UGameplayTagsManager::DoneAddingNativeTags. DelegateIsBound: 0
[2019.01.24-00.33.13:540][  0]LogStats: UGameplayTagsManager::ConstructGameplayTagTree: ImportINI prefixes -  0.000 s
[2019.01.24-00.33.13:540][  0]LogStats: UGameplayTagsManager::ConstructGameplayTagTree: Construct from data asset -  0.000 s
[2019.01.24-00.33.13:540][  0]LogStats: UGameplayTagsManager::ConstructGameplayTagTree: ImportINI -  0.000 s
[2019.01.24-00.33.13:540][  0]LogStats: UGameplayTagsManager::ConstructGameplayTagTree: GameplayTagTreeChangedEvent.Broadcast -  0.000 s
[2019.01.24-00.33.13:718][  0]LogFileCache: Scanning file cache for directory 'C:/Users/Kyla/Documents/GitHub/KL_AssetPipeline/KL_ICWB001_AP/Content/' took 0.01s
[2019.01.24-00.33.13:718][  0]SourceControl: Source control is disabled
[2019.01.24-00.33.13:718][  0]Cmd: MAP LOAD FILE="../../../Engine/Content/Maps/Templates/Template_Default.umap" TEMPLATE=1 SHOWPROGRESS=1 FEATURELEVEL=3
[2019.01.24-00.33.13:719][  0]LightingResults: New page: Lighting Build
[2019.01.24-00.33.13:723][  0]MapCheck: New page: Map Check
[2019.01.24-00.33.13:723][  0]LightingResults: New page: Lighting Build
[2019.01.24-00.33.14:175][  0]LogAIModule: Creating AISystem for world Untitled_1
[2019.01.24-00.33.14:183][  0]LogEditorServer: Finished looking for orphan Actors (0.000 secs)
[2019.01.24-00.33.14:290][  0]Cmd: MAP CHECKDEP NOCLEARLOG
[2019.01.24-00.33.14:360][  0]MapCheck: Map check complete: 0 Error(s), 0 Warning(s), took 69.317ms to complete.
[2019.01.24-00.33.14:360][  0]LogFileHelpers: Loading map 'Template_Default' took 0.642
[2019.01.24-00.33.14:825][  0]LogSlate: Updating window title bar state: overlay mode, drag disabled, window buttons hidden, title bar hidden
[2019.01.24-00.33.14:838][  0]LogSlate: Updating window title bar state: overlay mode, drag disabled, window buttons hidden, title bar hidden
[2019.01.24-00.33.14:849][  0]LogSlate: Updating window title bar state: overlay mode, drag disabled, window buttons hidden, title bar hidden
[2019.01.24-00.33.14:861][  0]LogSlate: Updating window title bar state: overlay mode, drag disabled, window buttons hidden, title bar hidden
[2019.01.24-00.33.14:952][  0]LogCollectionManager: Loaded 0 collections in 0.003779 seconds
[2019.01.24-00.33.15:146][  0]LogFileCache: Scanning file cache for directory 'C:/Users/Kyla/Documents/GitHub/KL_AssetPipeline/KL_ICWB001_AP/Saved/Collections/' took 0.01s
[2019.01.24-00.33.15:146][  0]LogFileCache: Scanning file cache for directory 'C:/Users/Kyla/Documents/GitHub/KL_AssetPipeline/KL_ICWB001_AP/Content/Developers/Kyla/Collections/' took 0.01s
[2019.01.24-00.33.15:146][  0]LogFileCache: Scanning file cache for directory 'C:/Users/Kyla/Documents/GitHub/KL_AssetPipeline/KL_ICWB001_AP/Content/Collections/' took 0.01s
[2019.01.24-00.33.15:146][  0]LogCollectionManager: Rebuilt the GUID cache for 0 collections in 0.000000 seconds
[2019.01.24-00.33.15:236][  0]LogContentBrowser: Native class hierarchy populated in 0.0826 seconds. Added 2572 classes and 603 folders.
[2019.01.24-00.33.15:312][  0]LogContentBrowser: Native class hierarchy updated for 'WidgetCarousel' in 0.0003 seconds. Added 0 classes and 0 folders.
[2019.01.24-00.33.16:477][  0]LogContentBrowser: Native class hierarchy updated for 'AddContentDialog' in 0.0004 seconds. Added 0 classes and 0 folders.
[2019.01.24-00.33.16:531][  0]LogContentBrowser: Native class hierarchy updated for 'SceneOutliner' in 0.0004 seconds. Added 1 classes and 2 folders.
[2019.01.24-00.33.16:931][  0]LogSlate: Took 0.000304 seconds to synchronously load lazily loaded font '../../../Engine/Content/Slate/Fonts/Roboto-Regular.ttf' (155K)
[2019.01.24-00.33.16:934][  0]LogSlate: Took 0.000278 seconds to synchronously load lazily loaded font '../../../Engine/Content/Slate/Fonts/Roboto-Bold.ttf' (160K)
[2019.01.24-00.33.16:992][  0]LogSlate: Took 0.043188 seconds to synchronously load lazily loaded font '../../../Engine/Content/Editor/Slate/Fonts/FontAwesome.ttf' (139K)
[2019.01.24-00.33.17:350][  0]LogRenderer: Reallocating scene render targets to support 1208x580 Format 10 NumSamples 1 (Frame:1).
[2019.01.24-00.33.17:580][  0]LogSlate: FSceneViewport::OnFocusLost() reason 2
[2019.01.24-00.33.17:792][  0]LogSlate: Window 'Tutorials' being destroyed
[2019.01.24-00.33.17:821][  0]LogContentBrowser: Native class hierarchy updated for 'HierarchicalLODOutliner' in 0.0003 seconds. Added 0 classes and 0 folders.
[2019.01.24-00.33.17:821][  0]LogLoad: (Engine Initialization) Total time: 15.14 seconds
[2019.01.24-00.33.17:821][  0]LogLoad: (Engine Initialization) Total Blueprint compile time: 0.00 seconds
[2019.01.24-00.33.17:900][  0]LogContentStreaming: Texture pool size now 1000 MB
[2019.01.24-00.33.18:033][  2]LogAssetRegistry: Asset discovery search completed in 9.0395 seconds
[2019.01.24-00.33.18:035][  2]LogCollectionManager: Rebuilt the object cache for 0 collections in 0.000000 seconds (found 0 objects)
[2019.01.24-00.33.18:035][  2]LogCollectionManager: Fixed up redirectors for 0 collections in 0.000063 seconds (updated 0 objects)
[2019.01.24-00.33.22:109][ 14]LogSlate: Took 0.017409 seconds to synchronously load lazily loaded font '../../../Engine/Content/Slate/Fonts/Roboto-Light.ttf' (167K)
[2019.01.24-00.33.53:358][637]LogSlate: FSceneViewport::OnFocusLost() reason 0
[2019.01.24-00.33.53:506][654]LogSlate: Took 0.000295 seconds to synchronously load lazily loaded font '../../../Engine/Content/Slate/Fonts/Roboto-Light.ttf' (167K)
[2019.01.24-00.33.53:813][654]LogAIModule: Creating AISystem for world KL_StreetLevel_InClass
[2019.01.24-00.33.53:860][654]LogAssetEditorManager: Opening Asset editor for World /Game/KL_StreetLevel_InClass.KL_StreetLevel_InClass
[2019.01.24-00.33.54:016][654]Cmd: MAP LOAD FILE="C:/Users/Kyla/Documents/GitHub/KL_AssetPipeline/KL_ICWB001_AP/Content/KL_StreetLevel_InClass.umap" TEMPLATE=0 SHOWPROGRESS=1 FEATURELEVEL=3
[2019.01.24-00.33.54:016][654]LightingResults: New page: Lighting Build
[2019.01.24-00.33.54:017][654]LoadErrors: New page: Loading map: KL_StreetLevel_InClass.umap
[2019.01.24-00.33.54:026][654]MapCheck: New page: Map Check
[2019.01.24-00.33.54:027][654]LightingResults: New page: Lighting Build
[2019.01.24-00.33.54:208][654]LogEditorServer: Finished looking for orphan Actors (0.000 secs)
[2019.01.24-00.33.54:387][654]Cmd: MAP CHECKDEP NOCLEARLOG
[2019.01.24-00.33.54:464][654]MapCheck: Map check complete: 0 Error(s), 0 Warning(s), took 76.839ms to complete.
[2019.01.24-00.33.54:465][654]LogFileHelpers: Loading map 'KL_StreetLevel_InClass' took 0.451
[2019.01.24-00.34.30:158][735]Cmd: MAP LOAD FILE="C:/Users/Kyla/Documents/GitHub/KL_AssetPipeline/KL_ICWB001_AP/Content/KL_WBCityBlock.umap" TEMPLATE=0 SHOWPROGRESS=1 FEATURELEVEL=3
[2019.01.24-00.34.30:176][735]LightingResults: New page: Lighting Build
[2019.01.24-00.34.30:177][735]LoadErrors: New page: Loading map: KL_WBCityBlock.umap
[2019.01.24-00.34.30:182][735]MapCheck: New page: Map Check
[2019.01.24-00.34.30:182][735]LightingResults: New page: Lighting Build
[2019.01.24-00.34.31:193][735]LogAIModule: Creating AISystem for world KL_WBCityBlock
[2019.01.24-00.34.31:293][735]LogEditorServer: Finished looking for orphan Actors (0.000 secs)
[2019.01.24-00.34.31:492][735]Cmd: MAP CHECKDEP NOCLEARLOG
[2019.01.24-00.34.31:574][735]MapCheck: Map check complete: 0 Error(s), 0 Warning(s), took 82.07ms to complete.
[2019.01.24-00.34.31:575][735]LogFileHelpers: Loading map 'KL_WBCityBlock' took 1.418
[2019.01.24-00.34.56:321][386]LogSlate: Window 'Save Level As' being destroyed
[2019.01.24-00.34.57:203][386]LogAIModule: Creating AISystem for world KL_WBCityBlock
[2019.01.24-00.34.57:409][386]Cmd: OBJ SAVEPACKAGE PACKAGE="/Game/Maps/KL_WBCityBlock" FILE="C:/Users/Kyla/Documents/GitHub/KL_AssetPipeline/KL_ICWB001_AP/Content/Maps/KL_WBCityBlock.umap" SILENT=true AUTOSAVING=false KEEPDIRTY=false
[2019.01.24-00.35.01:528][386]LogSavePackage: Moving 'C:/Users/Kyla/Documents/GitHub/KL_AssetPipeline/KL_ICWB001_AP/Saved/KL_WBCityBlock41D3E6EA4F94DC771FCCE39F8F8CCC1E.tmp' to 'C:/Users/Kyla/Documents/GitHub/KL_AssetPipeline/KL_ICWB001_AP/Content/Maps/KL_WBCityBlock.umap'
[2019.01.24-00.35.01:689][386]Cmd: OBJ SAVEPACKAGE PACKAGE="/Game/Maps/KL_WBCityBlock_BuiltData" FILE="C:/Users/Kyla/Documents/GitHub/KL_AssetPipeline/KL_ICWB001_AP/Content/Maps/KL_WBCityBlock_BuiltData.uasset" SILENT=true
[2019.01.24-00.35.01:751][386]LogSavePackage: Moving 'C:/Users/Kyla/Documents/GitHub/KL_AssetPipeline/KL_ICWB001_AP/Saved/KL_WBCityBlock_BuiltData3A8BBFD141957987BCBA478AC85ED8E5.tmp' to 'C:/Users/Kyla/Documents/GitHub/KL_AssetPipeline/KL_ICWB001_AP/Content/Maps/KL_WBCityBlock_BuiltData.uasset'
[2019.01.24-00.35.01:785][386]LogFileHelpers: Saving map 'KL_WBCityBlock' took 5.438
[2019.01.24-00.35.01:787][386]Cmd: MAP LOAD FILE="C:/Users/Kyla/Documents/GitHub/KL_AssetPipeline/KL_ICWB001_AP/Content/Maps/KL_WBCityBlock.umap" TEMPLATE=0 SHOWPROGRESS=1 FEATURELEVEL=3
[2019.01.24-00.35.01:826][386]LightingResults: New page: Lighting Build
[2019.01.24-00.35.01:827][386]LoadErrors: New page: Loading map: KL_WBCityBlock.umap
[2019.01.24-00.35.01:839][386]MapCheck: New page: Map Check
[2019.01.24-00.35.01:839][386]LightingResults: New page: Lighting Build
[2019.01.24-00.35.02:099][386]LogEditorServer: Finished looking for orphan Actors (0.000 secs)
[2019.01.24-00.35.02:345][386]Cmd: MAP CHECKDEP NOCLEARLOG
[2019.01.24-00.35.02:425][386]MapCheck: Map check complete: 0 Error(s), 0 Warning(s), took 80.188ms to complete.
[2019.01.24-00.35.02:425][386]LogFileHelpers: Loading map 'KL_WBCityBlock' took 0.640
